<?xml version="1.0" encoding="UTF-8"?>
<!-- Generated by org.testng.reporters.JUnitReportReporter -->
<testsuite hostname="aefbcdcffbcfecbccfaabacdfadefffaf-0" failures="0" tests="1" name="com.niranjan.AppTest" time="0.013" errors="0" timestamp="2023-08-04T10:53:58 UTC" skipped="0">
  <testcase classname="com.niranjan.AppTest" name="shouldAnswerWithTrue" time="0.013"/>
  <system-out/>
</testsuite> <!-- com.niranjan.AppTest -->
